[    0 sec] + /etc/init.d/chronyd restart
[    0 sec] Stopping chronyd: done
[    0 sec] Starting chronyd: done
[    0 sec] Fastrestore: start
[    0 sec] Fastrestore: check settings
[    0 sec] Fastrestore: Python: python3
[    0 sec] blkid:
[    0 sec] /dev/mmcblk0p23: LABEL="data" UUID="c25d03d9-ea27-3358-873e-b911bfaab62b" BLOCK_SIZE="4096" TYPE="ext4"
[    0 sec] /dev/sda1: LABEL="DISK_1" UUID="b0611657-78fd-4885-97b7-ea9255c9ef62" BLOCK_SIZE="4096" TYPE="ext4" PARTLABEL="primary" PARTUUID="f160dca2-55d5-4fbb-9912-08fc3720dd2d"
[    0 sec] /dev/mmcblk0p4: SEC_TYPE="msdos" UUID="4ABA-CC89" BLOCK_SIZE="512" TYPE="vfat"
[    0 sec] /dev/mmcblk0p13: LABEL="system" UUID="da594c53-9beb-f85c-85c5-cedf76546f7a" BLOCK_SIZE="4096" TYPE="ext4"
[    0 sec] /dev/mmcblk0p15: LABEL="e2tv" UUID="fc44476a-7864-49dd-a826-ee66a2e27f67" BLOCK_SIZE="1024" TYPE="ext4"
[    0 sec] /dev/mmcblk0p16: UUID="57f8f4bc-abf4-655f-bf67-946fc0f9f25b" BLOCK_SIZE="4096" TYPE="ext4"
[    0 sec] /dev/mmcblk0p18: LABEL="securestore" UUID="7968c38d-eb87-615d-8165-77a58373dd82" BLOCK_SIZE="4096" TYPE="ext4"
[    0 sec] 
[    0 sec] mounts:
[    0 sec] devtmpfs on /dev type devtmpfs (rw,relatime,size=954372k,nr_inodes=124835,mode=755)
[    0 sec] proc on /proc type proc (rw,relatime)
[    0 sec] sysfs on /sys type sysfs (rw,relatime)
[    0 sec] debugfs on /sys/kernel/debug type debugfs (rw,relatime)
[    0 sec] configfs on /sys/kernel/config type configfs (rw,relatime)
[    0 sec] tmpfs on /media type tmpfs (rw,relatime,size=64k)
[    0 sec] /dev/mmcblk0p4 on /boot type vfat (rw,relatime,fmask=0022,dmask=0022,codepage=437,iocharset=iso8859-1,shortname=mixed,errors=remount-ro)
[    0 sec] tmpfs on /var/volatile type tmpfs (rw,relatime)
[    0 sec] devpts on /dev/pts type devpts (rw,relatime,gid=5,mode=620)
[    0 sec] /dev/sda1 on /media/egamiboot type ext4 (rw,relatime,data=ordered)
[    0 sec] /dev/sda1 on /media/autofs type ext4 (rw,relatime,data=ordered)
[    0 sec] 
[    0 sec] Fastrestore: get_restoremode
[    0 sec] RestoreMode: mount: autofs settings:0
[    0 sec] RestoreMode: mount: autofs noplugins:0
[    0 sec] RestoreMode: mount: autofs plugins:0
[    0 sec] RestoreMode: mount: autofs slow:0
[    0 sec] RestoreMode: mount: autofs fast:0
[    0 sec] RestoreMode: mount: autofs turbo:1
[    0 sec] RestoreMode: mount: egamiboot settings:0
[    0 sec] RestoreMode: mount: egamiboot noplugins:0
[    0 sec] RestoreMode: mount: egamiboot plugins:0
[    0 sec] RestoreMode: mount: egamiboot slow:0
[    0 sec] RestoreMode: mount: egamiboot fast:0
[    0 sec] RestoreMode: mount: egamiboot turbo:1
[    0 sec] RestoreMode: final settings:0
[    0 sec] RestoreMode: final noplugins:0
[    0 sec] RestoreMode: final plugins:0
[    0 sec] RestoreMode: final slow:0
[    0 sec] RestoreMode: final fast:0
[    1 sec] RestoreMode: final turbo:1
[    1 sec] Fastrestore: fast:0
[    0 sec] + /etc/init.d/chronyd restart
[    0 sec] Stopping chronyd: done
[    0 sec] Starting chronyd: done
[    0 sec] Fastrestore: start
[    0 sec] Fastrestore: check settings
[    0 sec] + /etc/init.d/chronyd restart
[    0 sec] Stopping chronyd: done
[    0 sec] Starting chronyd: done
[    0 sec] Fastrestore: start
[    0 sec] Fastrestore: check settings
[    0 sec] + /etc/init.d/chronyd restart
[    0 sec] Stopping chronyd: done
[    0 sec] Starting chronyd: done
[    0 sec] Fastrestore: start
[    0 sec] Fastrestore: check settings
[    0 sec] + /etc/init.d/chronyd restart
[    0 sec] Stopping chronyd: done
[    0 sec] Starting chronyd: done
[    0 sec] Fastrestore: start
[    0 sec] Fastrestore: check settings
[    0 sec] + /etc/init.d/chronyd restart
[    0 sec] Stopping chronyd: done
[    0 sec] Starting chronyd: done
[    0 sec] Fastrestore: start
[    0 sec] Fastrestore: check settings
[    0 sec] + /etc/init.d/chronyd restart
[    0 sec] Stopping chronyd: done
[    0 sec] Starting chronyd: done
[    0 sec] Fastrestore: start
[    0 sec] Fastrestore: check settings
[    0 sec] + /etc/init.d/chronyd restart
[    0 sec] Stopping chronyd: done
[    0 sec] Starting chronyd: done
[    0 sec] Fastrestore: start
[    0 sec] Fastrestore: check settings
[    0 sec] + /etc/init.d/chronyd restart
[    0 sec] Stopping chronyd: done
[    0 sec] Starting chronyd: done
[    0 sec] Fastrestore: start
[    0 sec] Fastrestore: check settings
[    0 sec] + /etc/init.d/chronyd restart
[    0 sec] Stopping chronyd: done
[    0 sec] Starting chronyd: done
[    0 sec] Fastrestore: start
[    0 sec] Fastrestore: check settings
[    0 sec] + /etc/init.d/chronyd restart
[    0 sec] Stopping chronyd: done
[    0 sec] Starting chronyd: done
[    0 sec] Fastrestore: start
[    0 sec] Fastrestore: check settings
[    0 sec] + /etc/init.d/chronyd restart
[    0 sec] Stopping chronyd: done
[    0 sec] Starting chronyd: done
[    0 sec] Fastrestore: start
[    0 sec] Fastrestore: check settings
[    0 sec] + /etc/init.d/chronyd restart
[    0 sec] Stopping chronyd: done
[    0 sec] Starting chronyd: done
[    0 sec] Fastrestore: start
[    0 sec] Fastrestore: check settings
[    0 sec] + /etc/init.d/chronyd restart
[    0 sec] Stopping chronyd: done
[    0 sec] Starting chronyd: done
[    0 sec] Fastrestore: start
[    0 sec] Fastrestore: check settings
[    0 sec] + /etc/init.d/chronyd restart
[    0 sec] Stopping chronyd: done
[    0 sec] Starting chronyd: done
[    0 sec] Fastrestore: start
[    0 sec] Fastrestore: check settings
[    0 sec] + /etc/init.d/chronyd restart
[    0 sec] Stopping chronyd: done
[    0 sec] Starting chronyd: done
[    0 sec] Fastrestore: start
[    0 sec] Fastrestore: check settings
[    0 sec] + /etc/init.d/chronyd restart
[    0 sec] Stopping chronyd: done
[    0 sec] Starting chronyd: done
[    0 sec] Fastrestore: start
[    0 sec] Fastrestore: check settings
[    0 sec] + /etc/init.d/chronyd restart
[    0 sec] Stopping chronyd: done
[    0 sec] Starting chronyd: done
[    0 sec] Fastrestore: start
[    0 sec] Fastrestore: check settings
[    0 sec] + /etc/init.d/chronyd restart
[    0 sec] Stopping chronyd: done
[    0 sec] Starting chronyd: done
[    0 sec] Fastrestore: start
[    0 sec] Fastrestore: check settings
[    0 sec] + /etc/init.d/chronyd restart
[    0 sec] Stopping chronyd: done
[    0 sec] Starting chronyd: done
[    0 sec] Fastrestore: start
[    0 sec] Fastrestore: check settings
[    0 sec] + /etc/init.d/chronyd restart
[    0 sec] Stopping chronyd: done
[    0 sec] Starting chronyd: done
[    0 sec] Fastrestore: start
[    0 sec] Fastrestore: check settings
[    0 sec] + /etc/init.d/chronyd restart
[    0 sec] Stopping chronyd: done
[    0 sec] Starting chronyd: done
[    0 sec] Fastrestore: start
[    0 sec] Fastrestore: check settings
[    0 sec] + /etc/init.d/chronyd restart
[    1 sec] Stopping chronyd: done
[    1 sec] Starting chronyd: done
[    1 sec] Fastrestore: start
[    1 sec] Fastrestore: check settings
[    0 sec] + /etc/init.d/chronyd restart
[    0 sec] Stopping chronyd: done
[    0 sec] Starting chronyd: done
[    0 sec] Fastrestore: start
[    0 sec] Fastrestore: check settings
[    0 sec] + /etc/init.d/chronyd restart
[    0 sec] Stopping chronyd: done
[    0 sec] Starting chronyd: done
[    0 sec] Fastrestore: start
[    0 sec] Fastrestore: check settings
[    0 sec] + /etc/init.d/chronyd restart
[    0 sec] Stopping chronyd: done
[    0 sec] Starting chronyd: done
[    0 sec] Fastrestore: start
[    0 sec] Fastrestore: check settings
